
                                               ====== REPLACING | COPYING ======                                                
--------------------------------------------------------------------------------------------------------------------------------

                                                   ====== DOL PATCHING ======                                                   
--------------------------------------------------------------------------------------------------------------------------------
Generating 300 shines RELEASE build
C:\Users\Kyler-Josh\source\repos\Super-Mario-Eclipse\assets\bin\release\any\opening.png
assets\bin\release\any\audio\msound.aaf -> C:\Users\Kyler-Josh\3D Objects\Dolphin\Dolphin-Games\Super Mario Eclipse ROOT\root\files\AudioRes\msound.aaf
assets\bin\release\any\audio\mSound.asn -> C:\Users\Kyler-Josh\3D Objects\Dolphin\Dolphin-Games\Super Mario Eclipse ROOT\root\files\AudioRes\mSound.asn
assets\bin\release\any\characters\chr1.szs -> C:\Users\Kyler-Josh\3D Objects\Dolphin\Dolphin-Games\Super Mario Eclipse ROOT\root\files\data\chr1.szs
assets\bin\release\any\characters\chr2.szs -> C:\Users\Kyler-Josh\3D Objects\Dolphin\Dolphin-Games\Super Mario Eclipse ROOT\root\files\data\chr2.szs
assets\bin\release\any\characters\chr3.szs -> C:\Users\Kyler-Josh\3D Objects\Dolphin\Dolphin-Games\Super Mario Eclipse ROOT\root\files\data\chr3.szs
assets\bin\release\any\characters\chr4.szs -> C:\Users\Kyler-Josh\3D Objects\Dolphin\Dolphin-Games\Super Mario Eclipse ROOT\root\files\data\chr4.szs
assets\bin\release\any\characters\README.md -> No destination found
assets\bin\release\any\globals\README.md -> C:\Users\Kyler-Josh\3D Objects\Dolphin\Dolphin-Games\Super Mario Eclipse ROOT\root\files\data\README.md
assets\bin\release\any\kuribo\README.md -> No destination found
assets\bin\release\any\smeconfigs\README.md -> No destination found
assets\bin\release\any\stages\README.md -> No destination found
assets\bin\release\any\system\README.md -> C:\Users\Kyler-Josh\3D Objects\Dolphin\Dolphin-Games\Super Mario Eclipse ROOT\root\sys\README.md
assets\bin\release\any\thps\autodemoA.thp -> C:\Users\Kyler-Josh\3D Objects\Dolphin\Dolphin-Games\Super Mario Eclipse ROOT\root\files\data\autodemoA.thp
assets\bin\release\any\thps\bath.thp -> C:\Users\Kyler-Josh\3D Objects\Dolphin\Dolphin-Games\Super Mario Eclipse ROOT\root\files\data\bath.thp
assets\bin\release\any\thps\demogeso.thp -> C:\Users\Kyler-Josh\3D Objects\Dolphin\Dolphin-Games\Super Mario Eclipse ROOT\root\files\data\demogeso.thp
assets\bin\release\any\thps\Entrance.thp -> C:\Users\Kyler-Josh\3D Objects\Dolphin\Dolphin-Games\Super Mario Eclipse ROOT\root\files\data\Entrance.thp
assets\bin\release\any\thps\epilogue.thp -> C:\Users\Kyler-Josh\3D Objects\Dolphin\Dolphin-Games\Super Mario Eclipse ROOT\root\files\data\epilogue.thp
assets\bin\release\any\thps\kagemario.thp -> C:\Users\Kyler-Josh\3D Objects\Dolphin\Dolphin-Games\Super Mario Eclipse ROOT\root\files\data\kagemario.thp
assets\bin\release\any\thps\KuppaJr.thp -> C:\Users\Kyler-Josh\3D Objects\Dolphin\Dolphin-Games\Super Mario Eclipse ROOT\root\files\data\KuppaJr.thp
assets\bin\release\any\thps\MechaKuppa.thp -> C:\Users\Kyler-Josh\3D Objects\Dolphin\Dolphin-Games\Super Mario Eclipse ROOT\root\files\data\MechaKuppa.thp
assets\bin\release\any\thps\NozuruA.thp -> C:\Users\Kyler-Josh\3D Objects\Dolphin\Dolphin-Games\Super Mario Eclipse ROOT\root\files\data\NozuruA.thp
assets\bin\release\any\thps\NozuruB.thp -> C:\Users\Kyler-Josh\3D Objects\Dolphin\Dolphin-Games\Super Mario Eclipse ROOT\root\files\data\NozuruB.thp
assets\bin\release\any\thps\omakeA.thp -> C:\Users\Kyler-Josh\3D Objects\Dolphin\Dolphin-Games\Super Mario Eclipse ROOT\root\files\data\omakeA.thp
assets\bin\release\any\thps\openingA.thp -> C:\Users\Kyler-Josh\3D Objects\Dolphin\Dolphin-Games\Super Mario Eclipse ROOT\root\files\data\openingA.thp
assets\bin\release\any\thps\openingBA.thp -> C:\Users\Kyler-Josh\3D Objects\Dolphin\Dolphin-Games\Super Mario Eclipse ROOT\root\files\data\openingBA.thp
assets\bin\release\any\thps\openingBB.thp -> C:\Users\Kyler-Josh\3D Objects\Dolphin\Dolphin-Games\Super Mario Eclipse ROOT\root\files\data\openingBB.thp
assets\bin\release\any\thps\openingBC.thp -> C:\Users\Kyler-Josh\3D Objects\Dolphin\Dolphin-Games\Super Mario Eclipse ROOT\root\files\data\openingBC.thp
assets\bin\release\any\thps\README.md -> No destination found
assets\bin\release\any\thps\staffroll.thp -> C:\Users\Kyler-Josh\3D Objects\Dolphin\Dolphin-Games\Super Mario Eclipse ROOT\root\files\data\staffroll.thp
assets\compiler\clang\clang.exe C:\Users\Kyler-Josh\source\repos\Super-Mario-Eclipse\src\c_kit.cpp C:\Users\Kyler-Josh\source\repos\Super-Mario-Eclipse\src\sun.cpp C:\Users\Kyler-Josh\source\repos\Super-Mario-Eclipse\src\camera\generic.cpp C:\Users\Kyler-Josh\source\repos\Super-Mario-Eclipse\src\flagmanager\flags.cpp C:\Users\Kyler-Josh\source\repos\Super-Mario-Eclipse\src\flagmanager\savefile.cpp C:\Users\Kyler-Josh\source\repos\Super-Mario-Eclipse\src\fludd\generic.cpp C:\Users\Kyler-Josh\source\repos\Super-Mario-Eclipse\src\fludd\goop.cpp C:\Users\Kyler-Josh\source\repos\Super-Mario-Eclipse\src\fruit\underwater.cpp C:\Users\Kyler-Josh\source\repos\Super-Mario-Eclipse\src\init\boot.cpp C:\Users\Kyler-Josh\source\repos\Super-Mario-Eclipse\src\init\generic.cpp C:\Users\Kyler-Josh\source\repos\Super-Mario-Eclipse\src\init\memory.cpp C:\Users\Kyler-Josh\source\repos\Super-Mario-Eclipse\src\init\music.cpp C:\Users\Kyler-Josh\source\repos\Super-Mario-Eclipse\src\init\player.cpp C:\Users\Kyler-Josh\source\repos\Super-Mario-Eclipse\src\init\ui.cpp C:\Users\Kyler-Josh\source\repos\Super-Mario-Eclipse\src\modes\debug.cpp C:\Users\Kyler-Josh\source\repos\Super-Mario-Eclipse\src\modes\demo.cpp C:\Users\Kyler-Josh\source\repos\Super-Mario-Eclipse\src\modes\framerate.cpp C:\Users\Kyler-Josh\source\repos\Super-Mario-Eclipse\src\modes\mirror.cpp C:\Users\Kyler-Josh\source\repos\Super-Mario-Eclipse\src\modes\multiplayer.cpp C:\Users\Kyler-Josh\source\repos\Super-Mario-Eclipse\src\modes\widescreen.cpp C:\Users\Kyler-Josh\source\repos\Super-Mario-Eclipse\src\music\generic.cpp C:\Users\Kyler-Josh\source\repos\Super-Mario-Eclipse\src\object\BlowWindObj.cpp C:\Users\Kyler-Josh\source\repos\Super-Mario-Eclipse\src\object\generic.cpp C:\Users\Kyler-Josh\source\repos\Super-Mario-Eclipse\src\object\StarBit.cpp C:\Users\Kyler-Josh\source\repos\Super-Mario-Eclipse\src\object\TornadoObj.cpp C:\Users\Kyler-Josh\source\repos\Super-Mario-Eclipse\src\object\WaterBalloon.cpp C:\Users\Kyler-Josh\source\repos\Super-Mario-Eclipse\src\patches\actor.cpp C:\Users\Kyler-Josh\source\repos\Super-Mario-Eclipse\src\patches\camera.cpp C:\Users\Kyler-Josh\source\repos\Super-Mario-Eclipse\src\patches\card.cpp C:\Users\Kyler-Josh\source\repos\Super-Mario-Eclipse\src\patches\collision.cpp C:\Users\Kyler-Josh\source\repos\Super-Mario-Eclipse\src\patches\emario.cpp C:\Users\Kyler-Josh\source\repos\Super-Mario-Eclipse\src\patches\fludd.cpp C:\Users\Kyler-Josh\source\repos\Super-Mario-Eclipse\src\patches\generic.cpp C:\Users\Kyler-Josh\source\repos\Super-Mario-Eclipse\src\patches\j2dprint.cpp C:\Users\Kyler-Josh\source\repos\Super-Mario-Eclipse\src\patches\player.cpp C:\Users\Kyler-Josh\source\repos\Super-Mario-Eclipse\src\patches\railobj.cpp C:\Users\Kyler-Josh\source\repos\Super-Mario-Eclipse\src\patches\shine.cpp C:\Users\Kyler-Josh\source\repos\Super-Mario-Eclipse\src\patches\sunscript.cpp C:\Users\Kyler-Josh\source\repos\Super-Mario-Eclipse\src\patches\tree.cpp C:\Users\Kyler-Josh\source\repos\Super-Mario-Eclipse\src\patches\water.cpp C:\Users\Kyler-Josh\source\repos\Super-Mario-Eclipse\src\patches\yoshi.cpp C:\Users\Kyler-Josh\source\repos\Super-Mario-Eclipse\src\player\npc.cpp C:\Users\Kyler-Josh\source\repos\Super-Mario-Eclipse\src\player\collision\gravity.cpp C:\Users\Kyler-Josh\source\repos\Super-Mario-Eclipse\src\player\collision\handlers.cpp C:\Users\Kyler-Josh\source\repos\Super-Mario-Eclipse\src\player\collision\interact.cpp C:\Users\Kyler-Josh\source\repos\Super-Mario-Eclipse\src\player\collision\warp.cpp C:\Users\Kyler-Josh\source\repos\Super-Mario-Eclipse\src\player\moveset\hoverburst.cpp C:\Users\Kyler-Josh\source\repos\Super-Mario-Eclipse\src\player\moveset\hoverslide.cpp C:\Users\Kyler-Josh\source\repos\Super-Mario-Eclipse\src\player\moveset\longjump.cpp C:\Users\Kyler-Josh\source\repos\Super-Mario-Eclipse\src\player\moveset\multijump.cpp C:\Users\Kyler-Josh\source\repos\Super-Mario-Eclipse\src\player\moveset\waterballoon.cpp C:\Users\Kyler-Josh\source\repos\Super-Mario-Eclipse\src\player\physics\airborn.cpp C:\Users\Kyler-Josh\source\repos\Super-Mario-Eclipse\src\player\physics\climb.cpp C:\Users\Kyler-Josh\source\repos\Super-Mario-Eclipse\src\player\physics\collision.cpp C:\Users\Kyler-Josh\source\repos\Super-Mario-Eclipse\src\player\physics\generic.cpp C:\Users\Kyler-Josh\source\repos\Super-Mario-Eclipse\src\player\physics\ground.cpp C:\Users\Kyler-Josh\source\repos\Super-Mario-Eclipse\src\shine\bootout.cpp C:\Users\Kyler-Josh\source\repos\Super-Mario-Eclipse\src\shine\extendcount.cpp C:\Users\Kyler-Josh\source\repos\Super-Mario-Eclipse\src\shine\generic.cpp C:\Users\Kyler-Josh\source\repos\Super-Mario-Eclipse\src\sme_lib\CheatHandler.cpp C:\Users\Kyler-Josh\source\repos\Super-Mario-Eclipse\src\sme_lib\Globals.cpp C:\Users\Kyler-Josh\source\repos\Super-Mario-Eclipse\src\sme_lib\Kernel.cpp C:\Users\Kyler-Josh\source\repos\Super-Mario-Eclipse\src\sme_lib\Player.cpp C:\Users\Kyler-Josh\source\repos\Super-Mario-Eclipse\src\sme_lib\collision\WarpCollision.cpp C:\Users\Kyler-Josh\source\repos\Super-Mario-Eclipse\src\sme_lib\enemy\DarkZhine.cpp C:\Users\Kyler-Josh\source\repos\Super-Mario-Eclipse\src\sme_lib\libs\sBmg.cpp C:\Users\Kyler-Josh\source\repos\Super-Mario-Eclipse\src\sme_lib\libs\sContainers.cpp C:\Users\Kyler-Josh\source\repos\Super-Mario-Eclipse\src\sme_lib\libs\sGeometry.cpp C:\Users\Kyler-Josh\source\repos\Super-Mario-Eclipse\src\sme_lib\libs\sMath.cpp C:\Users\Kyler-Josh\source\repos\Super-Mario-Eclipse\src\sme_lib\libs\sMemory.cpp C:\Users\Kyler-Josh\source\repos\Super-Mario-Eclipse\src\sme_lib\libs\sMusic.cpp C:\Users\Kyler-Josh\source\repos\Super-Mario-Eclipse\src\sme_lib\libs\sSecurity.cpp C:\Users\Kyler-Josh\source\repos\Super-Mario-Eclipse\src\sme_lib\libs\sString.cpp C:\Users\Kyler-Josh\source\repos\Super-Mario-Eclipse\src\sme_lib\libs\sTime.cpp C:\Users\Kyler-Josh\source\repos\Super-Mario-Eclipse\src\sme_lib\menus\OptionMenu.cpp C:\Users\Kyler-Josh\source\repos\Super-Mario-Eclipse\src\sme_lib\params\MarioParams.cpp C:\Users\Kyler-Josh\source\repos\Super-Mario-Eclipse\src\sme_lib\params\StageParams.cpp C:\Users\Kyler-Josh\source\repos\Super-Mario-Eclipse\src\sme_lib\stage\CharacterSelect.cpp C:\Users\Kyler-Josh\source\repos\Super-Mario-Eclipse\src\sme_lib\stage\FileUtils.cpp C:\Users\Kyler-Josh\source\repos\Super-Mario-Eclipse\src\stage\episodeselect.cpp C:\Users\Kyler-Josh\source\repos\Super-Mario-Eclipse\src\sunscript\actor.cpp C:\Users\Kyler-Josh\source\repos\Super-Mario-Eclipse\src\sunscript\bind.cpp C:\Users\Kyler-Josh\source\repos\Super-Mario-Eclipse\src\sunscript\common.cpp C:\Users\Kyler-Josh\source\repos\Super-Mario-Eclipse\src\sunscript\flags.cpp C:\Users\Kyler-Josh\source\repos\Super-Mario-Eclipse\src\sunscript\getters.cpp C:\Users\Kyler-Josh\source\repos\Super-Mario-Eclipse\src\sunscript\item.cpp C:\Users\Kyler-Josh\source\repos\Super-Mario-Eclipse\src\sunscript\memory.cpp C:\Users\Kyler-Josh\source\repos\Super-Mario-Eclipse\src\sunscript\music.cpp C:\Users\Kyler-Josh\source\repos\Super-Mario-Eclipse\src\sunscript\strformat.cpp C:\Users\Kyler-Josh\source\repos\Super-Mario-Eclipse\src\sunscript\vector.cpp C:\Users\Kyler-Josh\source\repos\Super-Mario-Eclipse\src\ui\e3health.cpp C:\Users\Kyler-Josh\source\repos\Super-Mario-Eclipse\src\yoshi\common.cpp C:\Users\Kyler-Josh\source\repos\Super-Mario-Eclipse\src\yoshi\eggfruit.cpp C:\Users\Kyler-Josh\source\repos\Super-Mario-Eclipse\src\yoshi\fludditem.cpp C:\Users\Kyler-Josh\source\repos\Super-Mario-Eclipse\src\yoshi\greenmode.cpp -DSME_BUILD_KURIBO=1 --target=powerpc-gekko-ibm-kuribo-eabi -fdeclspec -std=gnu++17 -fno-exceptions -fno-rtti -fno-unwind-tables -ffast-math -flto -nodefaultlibs -nostdlib -fno-use-init-array -fno-use-cxa-atexit -fno-c++-static-destructors -fno-function-sections -fno-data-sections -fuse-ld=lld -fpermissive -Werror BuildKind.RELEASE_DEBUG -r -v -o C:\Users\KYLER-~1\AppData\Local\Temp\cpp_obj.o
assets\bin\release\any\thps\stolennozuru.thp -> C:\Users\Kyler-Josh\3D Objects\Dolphin\Dolphin-Games\Super Mario Eclipse ROOT\root\files\data\stolennozuru.thp
assets\bin\release\any\thps\stolenpeach.thp -> C:\Users\Kyler-Josh\3D Objects\Dolphin\Dolphin-Games\Super Mario Eclipse ROOT\root\files\data\stolenpeach.thp
--------------------------------------------------------------------------------------------------------------------------------

                                               ====== REPLACING | COPYING ======                                                
--------------------------------------------------------------------------------------------------------------------------------
C:\Users\Kyler-Josh\source\repos\Super-Mario-Eclipse\assets\bin\release\us\opening.png
assets\bin\release\us\marioUS.MAP -> C:\Users\Kyler-Josh\3D Objects\Dolphin\Dolphin-Games\Super Mario Eclipse ROOT\root\files\marioUS.MAP
assets\bin\release\us\opening.json -> No destination found
assets\bin\release\us\opening.png -> No destination found
assets\bin\release\us\audio\msound.aaf -> C:\Users\Kyler-Josh\3D Objects\Dolphin\Dolphin-Games\Super Mario Eclipse ROOT\root\files\AudioRes\msound.aaf
assets\bin\release\us\audio\mSound.asn -> C:\Users\Kyler-Josh\3D Objects\Dolphin\Dolphin-Games\Super Mario Eclipse ROOT\root\files\AudioRes\mSound.asn
assets\bin\release\us\audio\music\0.adp -> C:\Users\Kyler-Josh\3D Objects\Dolphin\Dolphin-Games\Super Mario Eclipse ROOT\root\files\AudioRes\Streams\Music\0.adp
assets\bin\release\us\audio\music\1.adp -> C:\Users\Kyler-Josh\3D Objects\Dolphin\Dolphin-Games\Super Mario Eclipse ROOT\root\files\AudioRes\Streams\Music\1.adp
assets\bin\release\us\audio\music\10.adp -> C:\Users\Kyler-Josh\3D Objects\Dolphin\Dolphin-Games\Super Mario Eclipse ROOT\root\files\AudioRes\Streams\Music\10.adp
assets\bin\release\us\audio\music\11.adp -> C:\Users\Kyler-Josh\3D Objects\Dolphin\Dolphin-Games\Super Mario Eclipse ROOT\root\files\AudioRes\Streams\Music\11.adp
assets\bin\release\us\audio\music\12.adp -> C:\Users\Kyler-Josh\3D Objects\Dolphin\Dolphin-Games\Super Mario Eclipse ROOT\root\files\AudioRes\Streams\Music\12.adp
assets\bin\release\us\audio\music\13.adp -> C:\Users\Kyler-Josh\3D Objects\Dolphin\Dolphin-Games\Super Mario Eclipse ROOT\root\files\AudioRes\Streams\Music\13.adp
assets\bin\release\us\audio\music\14.adp -> C:\Users\Kyler-Josh\3D Objects\Dolphin\Dolphin-Games\Super Mario Eclipse ROOT\root\files\AudioRes\Streams\Music\14.adp
assets\bin\release\us\audio\music\15.adp -> C:\Users\Kyler-Josh\3D Objects\Dolphin\Dolphin-Games\Super Mario Eclipse ROOT\root\files\AudioRes\Streams\Music\15.adp
assets\bin\release\us\audio\music\16.adp -> C:\Users\Kyler-Josh\3D Objects\Dolphin\Dolphin-Games\Super Mario Eclipse ROOT\root\files\AudioRes\Streams\Music\16.adp
assets\bin\release\us\audio\music\2.adp -> C:\Users\Kyler-Josh\3D Objects\Dolphin\Dolphin-Games\Super Mario Eclipse ROOT\root\files\AudioRes\Streams\Music\2.adp
assets\bin\release\us\audio\music\3.adp -> C:\Users\Kyler-Josh\3D Objects\Dolphin\Dolphin-Games\Super Mario Eclipse ROOT\root\files\AudioRes\Streams\Music\3.adp
assets\bin\release\us\audio\music\4.adp -> C:\Users\Kyler-Josh\3D Objects\Dolphin\Dolphin-Games\Super Mario Eclipse ROOT\root\files\AudioRes\Streams\Music\4.adp
assets\bin\release\us\audio\music\5.adp -> C:\Users\Kyler-Josh\3D Objects\Dolphin\Dolphin-Games\Super Mario Eclipse ROOT\root\files\AudioRes\Streams\Music\5.adp
assets\bin\release\us\audio\music\6.adp -> C:\Users\Kyler-Josh\3D Objects\Dolphin\Dolphin-Games\Super Mario Eclipse ROOT\root\files\AudioRes\Streams\Music\6.adp
assets\bin\release\us\audio\music\7.adp -> C:\Users\Kyler-Josh\3D Objects\Dolphin\Dolphin-Games\Super Mario Eclipse ROOT\root\files\AudioRes\Streams\Music\7.adp
assets\bin\release\us\characters\chr0.szs -> C:\Users\Kyler-Josh\3D Objects\Dolphin\Dolphin-Games\Super Mario Eclipse ROOT\root\files\data\chr0.szs
assets\bin\release\us\characters\chr1.szs -> C:\Users\Kyler-Josh\3D Objects\Dolphin\Dolphin-Games\Super Mario Eclipse ROOT\root\files\data\chr1.szs
assets\bin\release\us\characters\chr2.szs -> C:\Users\Kyler-Josh\3D Objects\Dolphin\Dolphin-Games\Super Mario Eclipse ROOT\root\files\data\chr2.szs
assets\bin\release\us\characters\chr3.szs -> C:\Users\Kyler-Josh\3D Objects\Dolphin\Dolphin-Games\Super Mario Eclipse ROOT\root\files\data\chr3.szs
assets\bin\release\us\characters\chr4.szs -> C:\Users\Kyler-Josh\3D Objects\Dolphin\Dolphin-Games\Super Mario Eclipse ROOT\root\files\data\chr4.szs
assets\bin\release\us\characters\README.md -> No destination found
assets\bin\release\us\globals\common.szs -> C:\Users\Kyler-Josh\3D Objects\Dolphin\Dolphin-Games\Super Mario Eclipse ROOT\root\files\data\common.szs
assets\bin\release\us\globals\game_6.szs -> C:\Users\Kyler-Josh\3D Objects\Dolphin\Dolphin-Games\Super Mario Eclipse ROOT\root\files\data\game_6.szs
assets\bin\release\us\globals\option.szs -> C:\Users\Kyler-Josh\3D Objects\Dolphin\Dolphin-Games\Super Mario Eclipse ROOT\root\files\data\option.szs
assets\bin\release\us\globals\params.szs -> C:\Users\Kyler-Josh\3D Objects\Dolphin\Dolphin-Games\Super Mario Eclipse ROOT\root\files\data\params.szs
assets\bin\release\us\globals\README.md -> C:\Users\Kyler-Josh\3D Objects\Dolphin\Dolphin-Games\Super Mario Eclipse ROOT\root\files\data\README.md
assets\bin\release\us\globals\stageArc.bin -> C:\Users\Kyler-Josh\3D Objects\Dolphin\Dolphin-Games\Super Mario Eclipse ROOT\root\files\data\stageArc.bin
assets\bin\release\us\globals\subtitle.szs -> C:\Users\Kyler-Josh\3D Objects\Dolphin\Dolphin-Games\Super Mario Eclipse ROOT\root\files\data\subtitle.szs
assets\bin\release\us\kuribo\KuriboKernel.bin -> C:\Users\Kyler-Josh\3D Objects\Dolphin\Dolphin-Games\Super Mario Eclipse ROOT\root\files\Kuribo!\System\KuriboKernel.bin
assets\bin\release\us\kuribo\README.md -> No destination found
assets\bin\release\us\smeconfigs\airport+.txt -> C:\Users\Kyler-Josh\3D Objects\Dolphin\Dolphin-Games\Super Mario Eclipse ROOT\root\files\data\scene\sme\airport+.txt
assets\bin\release\us\smeconfigs\coro_ex4.txt -> C:\Users\Kyler-Josh\3D Objects\Dolphin\Dolphin-Games\Super Mario Eclipse ROOT\root\files\data\scene\sme\coro_ex4.txt
assets\bin\release\us\smeconfigs\dolpic+.txt -> C:\Users\Kyler-Josh\3D Objects\Dolphin\Dolphin-Games\Super Mario Eclipse ROOT\root\files\data\scene\sme\dolpic+.txt
assets\bin\release\us\smeconfigs\dolpic0.txt -> C:\Users\Kyler-Josh\3D Objects\Dolphin\Dolphin-Games\Super Mario Eclipse ROOT\root\files\data\scene\sme\dolpic0.txt
assets\bin\release\us\smeconfigs\dolpic10.txt -> C:\Users\Kyler-Josh\3D Objects\Dolphin\Dolphin-Games\Super Mario Eclipse ROOT\root\files\data\scene\sme\dolpic10.txt
assets\bin\release\us\smeconfigs\dolpic5.txt -> C:\Users\Kyler-Josh\3D Objects\Dolphin\Dolphin-Games\Super Mario Eclipse ROOT\root\files\data\scene\sme\dolpic5.txt
assets\bin\release\us\smeconfigs\dolpic7.txt -> C:\Users\Kyler-Josh\3D Objects\Dolphin\Dolphin-Games\Super Mario Eclipse ROOT\root\files\data\scene\sme\dolpic7.txt
assets\bin\release\us\smeconfigs\dolpic_ex2.txt -> C:\Users\Kyler-Josh\3D Objects\Dolphin\Dolphin-Games\Super Mario Eclipse ROOT\root\files\data\scene\sme\dolpic_ex2.txt
assets\bin\release\us\smeconfigs\dolpic_ex4.txt -> C:\Users\Kyler-Josh\3D Objects\Dolphin\Dolphin-Games\Super Mario Eclipse ROOT\root\files\data\scene\sme\dolpic_ex4.txt
assets\bin\release\us\smeconfigs\mam_ex1.txt -> C:\Users\Kyler-Josh\3D Objects\Dolphin\Dolphin-Games\Super Mario Eclipse ROOT\root\files\data\scene\sme\mam_ex1.txt
assets\bin\release\us\smeconfigs\monte7.txt -> C:\Users\Kyler-Josh\3D Objects\Dolphin\Dolphin-Games\Super Mario Eclipse ROOT\root\files\data\scene\sme\monte7.txt
assets\bin\release\us\smeconfigs\pinnaParco0.txt -> C:\Users\Kyler-Josh\3D Objects\Dolphin\Dolphin-Games\Super Mario Eclipse ROOT\root\files\data\scene\sme\pinnaParco0.txt
assets\bin\release\us\smeconfigs\README.md -> No destination found
assets\bin\release\us\smeconfigs\ricco0.txt -> C:\Users\Kyler-Josh\3D Objects\Dolphin\Dolphin-Games\Super Mario Eclipse ROOT\root\files\data\scene\sme\ricco0.txt
assets\bin\release\us\smeconfigs\test11.txt -> C:\Users\Kyler-Josh\3D Objects\Dolphin\Dolphin-Games\Super Mario Eclipse ROOT\root\files\data\scene\sme\test11.txt
assets\bin\release\us\stages\coro_ex4.szs -> C:\Users\Kyler-Josh\3D Objects\Dolphin\Dolphin-Games\Super Mario Eclipse ROOT\root\files\data\scene\coro_ex4.szs
assets\bin\release\us\stages\dolpic0.szs -> C:\Users\Kyler-Josh\3D Objects\Dolphin\Dolphin-Games\Super Mario Eclipse ROOT\root\files\data\scene\dolpic0.szs
assets\bin\release\us\stages\dolpic10.szs -> C:\Users\Kyler-Josh\3D Objects\Dolphin\Dolphin-Games\Super Mario Eclipse ROOT\root\files\data\scene\dolpic10.szs
assets\bin\release\us\stages\dolpic5.szs -> C:\Users\Kyler-Josh\3D Objects\Dolphin\Dolphin-Games\Super Mario Eclipse ROOT\root\files\data\scene\dolpic5.szs
assets\bin\release\us\stages\dolpic7.szs -> C:\Users\Kyler-Josh\3D Objects\Dolphin\Dolphin-Games\Super Mario Eclipse ROOT\root\files\data\scene\dolpic7.szs
assets\bin\release\us\stages\dolpic_ex1.szs -> C:\Users\Kyler-Josh\3D Objects\Dolphin\Dolphin-Games\Super Mario Eclipse ROOT\root\files\data\scene\dolpic_ex1.szs
assets\bin\release\us\stages\dolpic_ex2.szs -> C:\Users\Kyler-Josh\3D Objects\Dolphin\Dolphin-Games\Super Mario Eclipse ROOT\root\files\data\scene\dolpic_ex2.szs
assets\bin\release\us\stages\mamma0.szs -> C:\Users\Kyler-Josh\3D Objects\Dolphin\Dolphin-Games\Super Mario Eclipse ROOT\root\files\data\scene\mamma0.szs
assets\bin\release\us\stages\monte7.szs -> C:\Users\Kyler-Josh\3D Objects\Dolphin\Dolphin-Games\Super Mario Eclipse ROOT\root\files\data\scene\monte7.szs
assets\bin\release\us\stages\option.szs -> C:\Users\Kyler-Josh\3D Objects\Dolphin\Dolphin-Games\Super Mario Eclipse ROOT\root\files\data\scene\option.szs
assets\bin\release\us\stages\pinnaParco0.szs -> C:\Users\Kyler-Josh\3D Objects\Dolphin\Dolphin-Games\Super Mario Eclipse ROOT\root\files\data\scene\pinnaParco0.szs
assets\bin\release\us\stages\README.md -> No destination found
assets\bin\release\us\stages\ricco0.szs -> C:\Users\Kyler-Josh\3D Objects\Dolphin\Dolphin-Games\Super Mario Eclipse ROOT\root\files\data\scene\ricco0.szs
assets\bin\release\us\system\main.dol -> C:\Users\Kyler-Josh\3D Objects\Dolphin\Dolphin-Games\Super Mario Eclipse ROOT\root\sys\main.dol
assets\bin\release\us\system\README.md -> C:\Users\Kyler-Josh\3D Objects\Dolphin\Dolphin-Games\Super Mario Eclipse ROOT\root\sys\README.md
assets\bin\release\us\thps\Entrance.thp -> C:\Users\Kyler-Josh\3D Objects\Dolphin\Dolphin-Games\Super Mario Eclipse ROOT\root\files\data\Entrance.thp
assets\bin\release\us\thps\README.md -> No destination found
--------------------------------------------------------------------------------------------------------------------------------

                                                     ====== DELETING ======                                                     
--------------------------------------------------------------------------------------------------------------------------------
C:\Users\Kyler-Josh\3D Objects\Dolphin\Dolphin-Games\Super Mario Eclipse ROOT\root\files\data\README.md -> DELETED
C:\Users\Kyler-Josh\3D Objects\Dolphin\Dolphin-Games\Super Mario Eclipse ROOT\root\sys\README.md -> DELETED
--------------------------------------------------------------------------------------------------------------------------------

                                                     ====== DELETING ======                                                     
--------------------------------------------------------------------------------------------------------------------------------
--------------------------------------------------------------------------------------------------------------------------------

                                                     ====== RENAMING ======                                                     
--------------------------------------------------------------------------------------------------------------------------------
--------------------------------------------------------------------------------------------------------------------------------

                                                     ====== RENAMING ======                                                     
--------------------------------------------------------------------------------------------------------------------------------
--------------------------------------------------------------------------------------------------------------------------------
[SME] Failed to compile into cpp_obj.o

[SME] Failed to compile into c_obj.o

--------------------------------------------------------------------------------------------------------------------------------

Attempting to boot Dolphin by ISO at C:\Users\Kyler-Josh\3D Objects\Dolphin\Dolphin-x64\Dolphin.exe...


                                                   ====== ISO BUILDING ======                                                   
--------------------------------------------------------------------------------------------------------------------------------
C:\Users\Kyler-Josh\3D Objects\Dolphin\Dolphin-Games\Super Mario Eclipse ROOT\root -> C:\Users\Kyler-Josh\3D Objects\Dolphin\Dolphin-Games\Super Mario Eclipse [GMSE04].iso
--------------------------------------------------------------------------------------------------------------------------------
--------------------------------------------------------------------------------------------------------------------------------
